<?xml version="1.0" encoding="UTF-8"?>
<!-- Generated by org.testng.reporters.JUnitReportReporter -->
<testsuite hostname="DESKTOP-SBTNFQP" failures="0" tests="1" name="testpages.StarHealthPageTest2" time="7.186" errors="0" timestamp="2023-10-25T10:57:44 IST" skipped="0">
  <testcase classname="testpages.StarHealthPageTest2" name="fetch_All_Link" time="7.186"/>
  <system-out/>
</testsuite> <!-- testpages.StarHealthPageTest2 -->
