<?xml version="1.0" encoding="UTF-8"?>
<!-- Generated by org.testng.reporters.JUnitReportReporter -->
<testsuite hostname="DESKTOP-SBTNFQP" failures="0" tests="7" name="testpages.StarHealthPageTest" time="49.265" errors="0" timestamp="2023-10-25T10:57:44 IST" skipped="0">
  <testcase classname="testpages.StarHealthPageTest" name="Validate_Alt_Value_Of_Logo" time="8.207"/>
  <system-out/>
  <testcase classname="testpages.StarHealthPageTest" name="click_on_plans" time="5.060"/>
  <system-out/>
  <testcase classname="testpages.StarHealthPageTest" name="GetAQuoate" time="6.795"/>
  <system-out/>
  <testcase classname="testpages.StarHealthPageTest" name="Input_Authorize_Form" time="6.203"/>
  <system-out/>
  <testcase classname="testpages.StarHealthPageTest" name="Get_Value" time="3.132"/>
  <system-out/>
  <testcase classname="testpages.StarHealthPageTest" name="clickontwitter" time="0.131"/>
  <system-out/>
  <testcase classname="testpages.StarHealthPageTest" name="validatetwitter" time="19.737"/>
  <system-out/>
</testsuite> <!-- testpages.StarHealthPageTest -->
